2021-06-01 21:47:57.695+0000 WARN  [o.n.k.i.JvmChecker] The max heap memory has not been configured. It is recommended that it is always explicitly configured, to ensure the system has a balanced configuration. Until then, a JVM computed heuristic of 5263851520 bytes is used instead. If you are running neo4j server, you need to configure dbms.memory.heap.max_size in neo4j.conf. If you are running neo4j embedded, you have to launch the JVM with -Xmx set to a value. You can run neo4j-admin memrec for memory configuration suggestions.
2021-06-01 21:47:57.696+0000 WARN  [o.n.k.i.JvmChecker] The initial heap memory has not been configured. It is recommended that it is always explicitly configured, to ensure the system has a balanced configuration. Until then, a JVM computed heuristic of 329252864 bytes is used instead. If you are running neo4j server, you need to configure dbms.memory.heap.initial_size in neo4j.conf. If you are running neo4j embedded, you have to launch the JVM with -Xms set to a value. You can run neo4j-admin memrec for memory configuration suggestions.
2021-06-01 21:47:57.875+0000 INFO  [o.n.i.d.DiagnosticsManager] 
                                                                ********************************************************************************
                                                                                             [ System diagnostics ]                             
                                                                ********************************************************************************
                                                                --------------------------------------------------------------------------------
                                                                                         [ System memory information ]                          
                                                                --------------------------------------------------------------------------------
                                                                Total Physical memory: 19.60GiB
                                                                Free Physical memory: 7.171GiB
                                                                Committed virtual memory: 8.370GiB
                                                                Total swap space: 20.00GiB
                                                                Free swap space: 20.00GiB
                                                                
                                                                --------------------------------------------------------------------------------
                                                                                           [ JVM memory information ]                           
                                                                --------------------------------------------------------------------------------
                                                                Free  memory: 473.7MiB
                                                                Total memory: 496.0MiB
                                                                Max   memory: 4.902GiB
                                                                Garbage Collector: G1 Young Generation: [G1 Eden Space, G1 Survivor Space, G1 Old Gen]
                                                                Garbage Collector: G1 Old Generation: [G1 Eden Space, G1 Survivor Space, G1 Old Gen]
                                                                Memory Pool: CodeHeap 'non-nmethods' (Non-heap memory): committed=2.438MiB, used=1.161MiB, max=5.566MiB, threshold=0B
                                                                Memory Pool: Metaspace (Non-heap memory): committed=21.42MiB, used=20.60MiB, max=-1B, threshold=0B
                                                                Memory Pool: CodeHeap 'profiled nmethods' (Non-heap memory): committed=4.250MiB, used=4.250MiB, max=117.2MiB, threshold=0B
                                                                Memory Pool: Compressed Class Space (Non-heap memory): committed=2.750MiB, used=2.479MiB, max=1.000GiB, threshold=0B
                                                                Memory Pool: G1 Eden Space (Heap memory): committed=150.0MiB, used=3.000MiB, max=-1B, threshold=?
                                                                Memory Pool: G1 Old Gen (Heap memory): committed=340.0MiB, used=12.28MiB, max=4.902GiB, threshold=0B
                                                                Memory Pool: G1 Survivor Space (Heap memory): committed=6.000MiB, used=6.000MiB, max=-1B, threshold=?
                                                                Memory Pool: CodeHeap 'non-profiled nmethods' (Non-heap memory): committed=2.438MiB, used=1.191MiB, max=117.2MiB, threshold=0B
                                                                
                                                                --------------------------------------------------------------------------------
                                                                                        [ Operating system information ]                        
                                                                --------------------------------------------------------------------------------
                                                                Operating System: Linux; version: 4.19.0-16-amd64; arch: amd64; cpus: 8
                                                                Max number of file descriptors: 1048576
                                                                Number of open file descriptors: 162
                                                                Process id: 7@af53d24d17fc
                                                                Byte order: LITTLE_ENDIAN
                                                                Local timezone: Etc/UTC
                                                                
                                                                --------------------------------------------------------------------------------
                                                                                              [ JVM information ]                               
                                                                --------------------------------------------------------------------------------
                                                                VM Name: OpenJDK 64-Bit Server VM
                                                                VM Vendor: Oracle Corporation
                                                                VM Version: 11.0.11+9
                                                                JIT compiler: HotSpot 64-Bit Tiered Compilers
                                                                VM Arguments: [-Dfile.encoding=UTF-8]
                                                                
                                                                --------------------------------------------------------------------------------
                                                                                               [ Java classpath ]                               
                                                                --------------------------------------------------------------------------------
                                                                 [classpath] /var/lib/neo4j/lib/parboiled-core-1.2.0.jar
                                                                 [classpath] /var/lib/neo4j/lib/neo4j-command-line-4.2.7.jar
                                                                 [classpath] /var/lib/neo4j/lib/lucene-core-8.5.1.jar
                                                                 [classpath] /var/lib/neo4j/lib/jamm-0.3.3.jar
                                                                 [classpath] /var/lib/neo4j/lib/neo4j-cypher-ast-factory-4.2.7.jar
                                                                 [classpath] /var/lib/neo4j/lib/jakarta.activation-api-1.2.1.jar
                                                                 [classpath] /var/lib/neo4j/lib/neo4j-cypher-javacc-parser-4.2.7.jar
                                                                 [classpath] /var/lib/neo4j/lib/jPowerShell-3.0.jar
                                                                 [classpath] /var/lib/neo4j/lib/slf4j-api-1.7.30.jar
                                                                 [classpath] /var/lib/neo4j/lib/neo4j-security-4.2.7.jar
                                                                 [classpath] /var/lib/neo4j/lib/neo4j-layout-4.2.7.jar
                                                                 [classpath] /var/lib/neo4j/lib/jersey-common-2.32.jar
                                                                 [classpath] /var/lib/neo4j/lib/jaxb-runtime-2.3.2.jar
                                                                 [classpath] /var/lib/neo4j/lib/jettison-1.4.1.jar
                                                                 [classpath] /var/lib/neo4j/lib/zstd-jni-1.4.5-6.jar
                                                                 [classpath] /var/lib/neo4j/lib/neo4j-procedure-api-4.2.7.jar
                                                                 [classpath] /var/lib/neo4j/lib/neo4j-ssl-4.2.7.jar
                                                                 [classpath] /var/lib/neo4j/lib/jersey-hk2-2.32.jar
                                                                 [classpath] /var/lib/neo4j/lib/javassist-3.25.0-GA.jar
                                                                 [classpath] /var/lib/neo4j/lib/neo4j-graph-algo-4.2.7.jar
                                                                 [classpath] /var/lib/neo4j/lib/jersey-container-servlet-2.32.jar
                                                                 [classpath] /var/lib/neo4j/lib/neo4j-fabric-4.2.7.jar
                                                                 [classpath] /var/lib/neo4j/lib/neo4j-codegen-4.2.7.jar
                                                                 [classpath] /var/lib/neo4j/lib/neo4j-concurrent-4.2.7.jar
                                                                 [classpath] /var/lib/neo4j/lib/neo4j-dbms-4.2.7.jar
                                                                 [classpath] /var/lib/neo4j/lib/scala-reflect-2.12.10.jar
                                                                 [classpath] /var/lib/neo4j/lib/jetty-util-9.4.39.v20210325.jar
                                                                 [classpath] /var/lib/neo4j/lib/picocli-4.5.0.jar
                                                                 [classpath] /var/lib/neo4j/lib/bcprov-jdk15on-1.68.jar
                                                                 [classpath] /var/lib/neo4j/lib/neo4j-rewriting-4.2.7.jar
                                                                 [classpath] /var/lib/neo4j/lib/neo4j-graphdb-api-4.2.7.jar
                                                                 [classpath] /var/lib/neo4j/lib/neo4j-id-generator-4.2.7.jar
                                                                 [classpath] /var/lib/neo4j/lib/neo4j-ast-4.2.7.jar
                                                                 [classpath] /var/lib/neo4j/lib/WMI4Java-1.6.3.jar
                                                                 [classpath] /var/lib/neo4j/lib/cypher-ast-factory-4.2.7.jar
                                                                 [classpath] /var/lib/neo4j/lib/jProcesses-1.6.5.jar
                                                                 [classpath] /var/lib/neo4j/lib/neo4j-configuration-4.2.7.jar
                                                                 [classpath] /var/lib/neo4j/lib/jetty-io-9.4.39.v20210325.jar
                                                                 [classpath] /var/lib/neo4j/lib/commons-collections-3.2.2.jar
                                                                 [classpath] /var/lib/neo4j/lib/neo4j-server-4.2.7.jar
                                                                 [classpath] /var/lib/neo4j/lib/neo4j-storage-engine-api-4.2.7.jar
                                                                 [classpath] /var/lib/neo4j/lib/hk2-locator-2.6.1.jar
                                                                 [classpath] /var/lib/neo4j/lib/commons-lang3-3.11.jar
                                                                 [classpath] /var/lib/neo4j/lib/jackson-annotations-2.11.3.jar
                                                                 [classpath] /var/lib/neo4j/lib/shiro-event-1.7.1.jar
                                                                 [classpath] /var/lib/neo4j/lib/commons-exec-1.3.jar
                                                                 [classpath] /var/lib/neo4j/lib/lucene-analyzers-common-8.5.1.jar
                                                                 [classpath] /var/lib/neo4j/lib/jackson-core-2.11.3.jar
                                                                 [classpath] /plugins/*
                                                                 [classpath] /var/lib/neo4j/lib/jackson-jaxrs-json-provider-2.11.3.jar
                                                                 [classpath] /var/lib/neo4j/lib/javax.ws.rs-api-2.1.1.jar
                                                                 [classpath] /var/lib/neo4j/lib/jersey-container-servlet-core-2.32.jar
                                                                 [classpath] /var/lib/neo4j/lib/jetty-security-9.4.39.v20210325.jar
                                                                 [classpath] /var/lib/neo4j/lib/neo4j-resource-4.2.7.jar
                                                                 [classpath] /var/lib/neo4j/lib/neo4j-bolt-4.2.7.jar
                                                                 [classpath] /var/lib/neo4j/lib/eclipse-collections-api-10.3.0.jar
                                                                 [classpath] /var/lib/neo4j/lib/neo4j-csv-4.2.7.jar
                                                                 [classpath] /var/lib/neo4j/lib/neo4j-lucene-index-4.2.7.jar
                                                                 [classpath] /var/lib/neo4j/lib/commons-io-2.7.jar
                                                                 [classpath] /var/lib/neo4j/lib/jakarta.ws.rs-api-2.1.6.jar
                                                                 [classpath] /plugins
                                                                 [classpath] /var/lib/neo4j/lib/neo4j-parser-4.2.7.jar
                                                                 [classpath] /var/lib/neo4j/conf
                                                                 [classpath] /var/lib/neo4j/lib/lucene-queryparser-8.5.1.jar
                                                                 [classpath] /var/lib/neo4j/lib/neo4j-cypher-planner-4.2.7.jar
                                                                 [classpath] /var/lib/neo4j/lib/neo4j-util-4.2.7.jar
                                                                 [classpath] /var/lib/neo4j/lib/neo4j-consistency-check-4.2.7.jar
                                                                 [classpath] /var/lib/neo4j/lib/hk2-api-2.6.1.jar
                                                                 [classpath] /var/lib/neo4j/lib/parboiled-scala_2.12-1.2.0.jar
                                                                 [classpath] /var/lib/neo4j/lib/neo4j-expressions-4.2.7.jar
                                                                 [classpath] /var/lib/neo4j/lib/neo4j-collections-4.2.7.jar
                                                                 [classpath] /var/lib/neo4j/lib/istack-commons-runtime-3.0.8.jar
                                                                 [classpath] /var/lib/neo4j/lib/jersey-media-jaxb-2.32.jar
                                                                 [classpath] /var/lib/neo4j/lib/jetty-server-9.4.39.v20210325.jar
                                                                 [classpath] /var/lib/neo4j/lib/neo4j-batch-insert-4.2.7.jar
                                                                 [classpath] /var/lib/neo4j/lib/neo4j-record-storage-engine-4.2.7.jar
                                                                 [classpath] /var/lib/neo4j/lib/neo4j-values-4.2.7.jar
                                                                 [classpath] /var/lib/neo4j/lib/shiro-crypto-cipher-1.7.1.jar
                                                                 [classpath] /var/lib/neo4j/lib/reactive-streams-1.0.3.jar
                                                                 [classpath] /var/lib/neo4j/lib/caffeine-2.8.5.jar
                                                                 [classpath] /var/lib/neo4j/lib/neo4j-kernel-api-4.2.7.jar
                                                                 [classpath] /var/lib/neo4j/lib/neo4j-cypher-logical-plans-4.2.7.jar
                                                                 [classpath] /var/lib/neo4j/lib/neo4j-unsafe-4.2.7.jar
                                                                 [classpath] /var/lib/neo4j/lib/jakarta.xml.bind-api-2.3.3.jar
                                                                 [classpath] /var/lib/neo4j/lib/bcpkix-jdk15on-1.68.jar
                                                                 [classpath] /var/lib/neo4j/lib/jersey-client-2.32.jar
                                                                 [classpath] /var/lib/neo4j/lib/slf4j-nop-1.7.30.jar
                                                                 [classpath] /var/lib/neo4j/lib/neo4j-schema-4.2.7.jar
                                                                 [classpath] /var/lib/neo4j/lib/zstd-proxy-4.2.7.jar
                                                                 [classpath] /var/lib/neo4j/lib/neo4j-cypher-interpreted-runtime-4.2.7.jar
                                                                 [classpath] /var/lib/neo4j/lib/jakarta.validation-api-2.0.2.jar
                                                                 [classpath] /var/lib/neo4j/lib/neo4j-fulltext-index-4.2.7.jar
                                                                 [classpath] /var/lib/neo4j/lib/jackson-jaxrs-base-2.11.3.jar
                                                                 [classpath] /var/lib/neo4j/lib/neo4j-io-4.2.7.jar
                                                                 [classpath] /var/lib/neo4j/lib/jetty-webapp-9.4.39.v20210325.jar
                                                                 [classpath] /var/lib/neo4j/lib/jetty-xml-9.4.39.v20210325.jar
                                                                 [classpath] /var/lib/neo4j/lib/shiro-lang-1.7.1.jar
                                                                 [classpath] /var/lib/neo4j/lib/jakarta.inject-2.6.1.jar
                                                                 [classpath] /var/lib/neo4j/lib/neo4j-cypher-expression-evaluator-4.2.7.jar
                                                                 [classpath] /var/lib/neo4j/lib/neo4j-common-4.2.7.jar
                                                                 [classpath] /var/lib/neo4j/lib/hk2-utils-2.6.1.jar
                                                                 [classpath] /var/lib/neo4j/lib/stax-ex-1.8.1.jar
                                                                 [classpath] /var/lib/neo4j/lib/neo4j-kernel-4.2.7.jar
                                                                 [classpath] /var/lib/neo4j/lib/txw2-2.3.2.jar
                                                                 [classpath] /var/lib/neo4j/lib/jctools-core-3.1.0.jar
                                                                 [classpath] /var/lib/neo4j/lib/jetty-http-9.4.39.v20210325.jar
                                                                 [classpath] /var/lib/neo4j/lib/shiro-config-core-1.7.1.jar
                                                                 [classpath] /var/lib/neo4j/lib/neo4j-push-to-cloud-4.2.7.jar
                                                                 [classpath] /var/lib/neo4j/lib/neo4j-data-collector-4.2.7.jar
                                                                 [classpath] /var/lib/neo4j/lib/shiro-config-ogdl-1.7.1.jar
                                                                 [classpath] /var/lib/neo4j/lib/neo4j-logging-4.2.7.jar
                                                                 [classpath] /var/lib/neo4j/lib/FastInfoset-1.2.16.jar
                                                                 [classpath] /var/lib/neo4j/lib/reactor-core-3.3.15.RELEASE.jar
                                                                 [classpath] /var/lib/neo4j/lib/neo4j-cypher-ir-4.2.7.jar
                                                                 [classpath] /var/lib/neo4j/lib/netty-all-4.1.63.Final.jar
                                                                 [classpath] /var/lib/neo4j/lib/neo4j-import-util-4.2.7.jar
                                                                 [classpath] /var/lib/neo4j/lib/neo4j-wal-4.2.7.jar
                                                                 [classpath] /var/lib/neo4j/lib/jna-5.6.0.jar
                                                                 [classpath] /var/lib/neo4j/lib/neo4j-cypher-4.2.7.jar
                                                                 [classpath] /var/lib/neo4j/lib/commons-logging-1.2.jar
                                                                 [classpath] /var/lib/neo4j/lib/eclipse-collections-10.3.0.jar
                                                                 [classpath] /var/lib/neo4j/lib/neo4j-diagnostics-4.2.7.jar
                                                                 [classpath] /var/lib/neo4j/lib/neo4j-front-end-4.2.7.jar
                                                                 [classpath] /var/lib/neo4j/lib/server-api-4.2.7.jar
                                                                 [classpath] /var/lib/neo4j/lib/shiro-crypto-core-1.7.1.jar
                                                                 [classpath] /var/lib/neo4j/lib/neo4j-4.2.7.jar
                                                                 [classpath] /var/lib/neo4j/lib/shiro-cache-1.7.1.jar
                                                                 [classpath] /var/lib/neo4j/lib/commons-compress-1.20.jar
                                                                 [classpath] /var/lib/neo4j/lib/neo4j-cypher-planner-spi-4.2.7.jar
                                                                 [classpath] /var/lib/neo4j/lib/neo4j-browser-4.2.6.jar
                                                                 [classpath] /var/lib/neo4j/lib/shiro-core-1.7.1.jar
                                                                 [classpath] /var/lib/neo4j/lib/neo4j-native-4.2.7.jar
                                                                 [classpath] /var/lib/neo4j/lib/neo4j-spatial-index-4.2.7.jar
                                                                 [classpath] /var/lib/neo4j/lib/neo4j-exceptions-4.2.7.jar
                                                                 [classpath] /var/lib/neo4j/lib/neo4j-cypher-macros-4.2.7.jar
                                                                 [classpath] /var/lib/neo4j/lib/jakarta.annotation-api-1.3.5.jar
                                                                 [classpath] /var/lib/neo4j/lib/neo4j-index-4.2.7.jar
                                                                 [classpath] /var/lib/neo4j/lib/lucene-backward-codecs-8.5.1.jar
                                                                 [classpath] /var/lib/neo4j/lib/jackson-databind-2.11.3.jar
                                                                 [classpath] /var/lib/neo4j/lib/jaxb-api-2.3.0.jar
                                                                 [classpath] /var/lib/neo4j/lib/jersey-server-2.32.jar
                                                                 [classpath] /var/lib/neo4j/lib/jakarta.activation-1.2.2.jar
                                                                 [classpath] /var/lib/neo4j/lib/neo4j-label-index-4.2.7.jar
                                                                 [classpath] /var/lib/neo4j/lib/neo4j-lock-4.2.7.jar
                                                                 [classpath] /var/lib/neo4j/lib/neo4j-import-tool-4.2.7.jar
                                                                 [classpath] /var/lib/neo4j/lib/shiro-crypto-hash-1.7.1.jar
                                                                 [classpath] /var/lib/neo4j/lib/neo4j-procedure-4.2.7.jar
                                                                 [classpath] /var/lib/neo4j/lib/neo4j-token-api-4.2.7.jar
                                                                 [classpath] /var/lib/neo4j/lib/neo4j-cypher-runtime-util-4.2.7.jar
                                                                 [classpath] /var/lib/neo4j/lib/neo4j-monitoring-4.2.7.jar
                                                                 [classpath] /var/lib/neo4j/lib/jackson-module-jaxb-annotations-2.11.3.jar
                                                                 [classpath] /var/lib/neo4j/lib/annotations-4.2.7.jar
                                                                 [classpath] /var/lib/neo4j/lib/commons-text-1.9.jar
                                                                 [classpath] /var/lib/neo4j/lib/jetty-servlet-9.4.39.v20210325.jar
                                                                 [classpath] /var/lib/neo4j/lib/javax.servlet-api-3.1.0.jar
                                                                 [classpath] /var/lib/neo4j/lib/scala-library-2.12.10.jar
                                                                 [classpath] /var/lib/neo4j/lib/commons-beanutils-1.9.4.jar
                                                                
                                                                --------------------------------------------------------------------------------
                                                                                                [ Library path ]                                
                                                                --------------------------------------------------------------------------------
                                                                /usr/java/packages/lib
                                                                /usr/lib64
                                                                /lib64
                                                                /lib
                                                                /usr/lib
                                                                
                                                                --------------------------------------------------------------------------------
                                                                                             [ System properties ]                              
                                                                --------------------------------------------------------------------------------
                                                                awt.toolkit = sun.awt.X11.XToolkit
                                                                sun.cpu.isalist = 
                                                                sun.jnu.encoding = UTF-8
                                                                sun.arch.data.model = 64
                                                                user.timezone = Etc/UTC
                                                                sun.java.launcher = SUN_STANDARD
                                                                sun.boot.library.path = /usr/local/openjdk-11/lib
                                                                sun.java.command = org.neo4j.server.CommunityEntryPoint --home-dir=/var/lib/neo4j --config-dir=/var/lib/neo4j/conf 
                                                                jdk.debug = release
                                                                sun.cpu.endian = little
                                                                user.home = /var/lib/neo4j
                                                                user.language = en
                                                                file.separator = /
                                                                sun.management.compiler = HotSpot 64-Bit Tiered Compilers
                                                                user.name = neo4j
                                                                path.separator = :
                                                                file.encoding = UTF-8
                                                                jnidispatch.path = /var/lib/neo4j/.cache/JNA/temp/jna17156129993966981881.tmp
                                                                jna.loaded = true
                                                                user.dir = /var/lib/neo4j
                                                                sun.os.patch.level = unknown
                                                                sun.io.unicode.encoding = UnicodeLittle
                                                                
                                                                --------------------------------------------------------------------------------
                                                                                      [ (IANA) TimeZone database version ]                      
                                                                --------------------------------------------------------------------------------
                                                                  TimeZone version: 2021a (available for 600 zone identifiers)
                                                                
                                                                --------------------------------------------------------------------------------
                                                                                            [ Network information ]                             
                                                                --------------------------------------------------------------------------------
                                                                Interface eth0:
                                                                    address: 192.168.48.2
                                                                Interface lo:
                                                                    address: 127.0.0.1
                                                                
                                                                --------------------------------------------------------------------------------
                                                                                         [ Native access information ]                          
                                                                --------------------------------------------------------------------------------
                                                                Native access details: Linux native access is available.
                                                                
                                                                --------------------------------------------------------------------------------
                                                                                            [ Container heuristics ]                            
                                                                --------------------------------------------------------------------------------
                                                                Docker: true
                                                                LXC: false
                                                                Kubernetes: false
                                                                
                                                                --------------------------------------------------------------------------------
                                                                                                [ DBMS config ]                                 
                                                                --------------------------------------------------------------------------------
                                                                DBMS provided settings:
                                                                dbms.default_listen_address=0.0.0.0
                                                                dbms.directories.import=/import
                                                                dbms.directories.logs=/logs
                                                                dbms.directories.neo4j_home=/var/lib/neo4j
                                                                dbms.directories.plugins=/plugins
                                                                dbms.memory.pagecache.size=512M
                                                                dbms.tx_log.rotation.retention_policy=100M size
                                                                
2021-06-01 21:47:57.903+0000 INFO  [o.n.g.f.EditionLocksFactories] Locking implementation 'community' selected.
2021-06-01 21:47:58.937+0000 INFO  [o.n.s.CommunityNeoWebServer] ======== Neo4j 4.2.7 ========
2021-06-01 21:47:58.944+0000 INFO  [o.n.d.d.DefaultDatabaseManager] Creating 'DatabaseId{00000000[system]}'.
2021-06-01 21:47:59.017+0000 INFO  [o.n.b.BoltServer] Bolt server loaded
2021-06-01 21:47:59.074+0000 INFO  [o.n.d.d.DefaultDatabaseManager] Starting 'DatabaseId{00000000[system]}'.
2021-06-01 21:47:59.113+0000 INFO  [o.n.k.i.s.f.RecordFormatSelector] [system/00000000] Selected format 'RecordFormat:PageAlignedV4_1[AF4.1.a]' for the new store /var/lib/neo4j/data/databases/system
2021-06-01 21:47:59.639+0000 INFO  [o.n.i.d.DiagnosticsManager] [system/00000000] 
                                                                [system/00000000] ********************************************************************************
                                                                [system/00000000]                               [ Database: system ]                              
                                                                [system/00000000] ********************************************************************************
                                                                [system/00000000] --------------------------------------------------------------------------------
                                                                [system/00000000]                                   [ Version ]                                   
                                                                [system/00000000] --------------------------------------------------------------------------------
                                                                [system/00000000] DBMS: community single StoreId{creationTime=1622584079524, randomId=-466814753756386482, storeVersion=7002588545122976007, upgradeTime=1622584079524, upgradeTxId=1}
                                                                [system/00000000] Kernel version: 4.2.7
                                                                [system/00000000] 
                                                                [system/00000000] --------------------------------------------------------------------------------
                                                                [system/00000000]                                 [ Store files ]                                 
                                                                [system/00000000] --------------------------------------------------------------------------------
                                                                [system/00000000] Disk space on partition (Total / Free / Free %): 294597697536 / 267636502528 / 90
                                                                [system/00000000] Storage files stored on file store: ext4
                                                                [system/00000000] Storage files: (filename : modification date - size)
                                                                [system/00000000]   neostore: 2021-06-01T21:47:59Z - 8.000KiB
                                                                [system/00000000]   neostore.counts.db: 2021-06-01T21:47:59Z - 40.00KiB
                                                                [system/00000000]   neostore.id: 2021-06-01T21:47:59Z - 40.00KiB
                                                                [system/00000000]   neostore.labeltokenstore.db: 2021-06-01T21:47:59Z - 0B
                                                                [system/00000000]   neostore.labeltokenstore.db.id: 2021-06-01T21:47:59Z - 40.00KiB
                                                                [system/00000000]   neostore.labeltokenstore.db.names: 2021-06-01T21:47:59Z - 8.000KiB
                                                                [system/00000000]   neostore.labeltokenstore.db.names.id: 2021-06-01T21:47:59Z - 40.00KiB
                                                                [system/00000000]   neostore.nodestore.db: 2021-06-01T21:47:59Z - 0B
                                                                [system/00000000]   neostore.nodestore.db.id: 2021-06-01T21:47:59Z - 40.00KiB
                                                                [system/00000000]   neostore.nodestore.db.labels: 2021-06-01T21:47:59Z - 8.000KiB
                                                                [system/00000000]   neostore.nodestore.db.labels.id: 2021-06-01T21:47:59Z - 40.00KiB
                                                                [system/00000000]   neostore.propertystore.db: 2021-06-01T21:47:59Z - 0B
                                                                [system/00000000]   neostore.propertystore.db.arrays: 2021-06-01T21:47:59Z - 8.000KiB
                                                                [system/00000000]   neostore.propertystore.db.arrays.id: 2021-06-01T21:47:59Z - 40.00KiB
                                                                [system/00000000]   neostore.propertystore.db.id: 2021-06-01T21:47:59Z - 40.00KiB
                                                                [system/00000000]   neostore.propertystore.db.index: 2021-06-01T21:47:59Z - 0B
                                                                [system/00000000]   neostore.propertystore.db.index.id: 2021-06-01T21:47:59Z - 40.00KiB
                                                                [system/00000000]   neostore.propertystore.db.index.keys: 2021-06-01T21:47:59Z - 8.000KiB
                                                                [system/00000000]   neostore.propertystore.db.index.keys.id: 2021-06-01T21:47:59Z - 40.00KiB
                                                                [system/00000000]   neostore.propertystore.db.strings: 2021-06-01T21:47:59Z - 8.000KiB
                                                                [system/00000000]   neostore.propertystore.db.strings.id: 2021-06-01T21:47:59Z - 40.00KiB
                                                                [system/00000000]   neostore.relationshipgroupstore.db: 2021-06-01T21:47:59Z - 8.000KiB
                                                                [system/00000000]   neostore.relationshipgroupstore.db.id: 2021-06-01T21:47:59Z - 40.00KiB
                                                                [system/00000000]   neostore.relationshipstore.db: 2021-06-01T21:47:59Z - 0B
                                                                [system/00000000]   neostore.relationshipstore.db.id: 2021-06-01T21:47:59Z - 40.00KiB
                                                                [system/00000000]   neostore.relationshiptypestore.db: 2021-06-01T21:47:59Z - 0B
                                                                [system/00000000]   neostore.relationshiptypestore.db.id: 2021-06-01T21:47:59Z - 40.00KiB
                                                                [system/00000000]   neostore.relationshiptypestore.db.names: 2021-06-01T21:47:59Z - 8.000KiB
                                                                [system/00000000]   neostore.relationshiptypestore.db.names.id: 2021-06-01T21:47:59Z - 40.00KiB
                                                                [system/00000000]   neostore.schemastore.db: 2021-06-01T21:47:59Z - 8.000KiB
                                                                [system/00000000]   neostore.schemastore.db.id: 2021-06-01T21:47:59Z - 40.00KiB
                                                                [system/00000000] Storage summary: 
                                                                [system/00000000]   Total size of store: 712.0KiB
                                                                [system/00000000]   Total size of mapped files: 72.00KiB
                                                                [system/00000000] 
                                                                [system/00000000] --------------------------------------------------------------------------------
                                                                [system/00000000]                               [ Transaction log ]                               
                                                                [system/00000000] --------------------------------------------------------------------------------
                                                                [system/00000000] Transaction log files stored on file store: ext4
                                                                [system/00000000] No transactions found in any log
                                                                [system/00000000] 
                                                                [system/00000000] --------------------------------------------------------------------------------
                                                                [system/00000000]                                   [ Id usage ]                                  
                                                                [system/00000000] --------------------------------------------------------------------------------
                                                                [system/00000000] ArrayPropertyStore[neostore.nodestore.db.labels]: used=1 high=0
                                                                [system/00000000] NodeStore[neostore.nodestore.db]: used=0 high=-1
                                                                [system/00000000] StringPropertyStore[neostore.propertystore.db.index.keys]: used=1 high=0
                                                                [system/00000000] PropertyIndexStore[neostore.propertystore.db.index]: used=0 high=-1
                                                                [system/00000000] StringPropertyStore[neostore.propertystore.db.strings]: used=1 high=0
                                                                [system/00000000] ArrayPropertyStore[neostore.propertystore.db.arrays]: used=1 high=0
                                                                [system/00000000] PropertyStore[neostore.propertystore.db]: used=0 high=-1
                                                                [system/00000000] RelationshipStore[neostore.relationshipstore.db]: used=0 high=-1
                                                                [system/00000000] StringPropertyStore[neostore.relationshiptypestore.db.names]: used=1 high=0
                                                                [system/00000000] RelationshipTypeStore[neostore.relationshiptypestore.db]: used=0 high=-1
                                                                [system/00000000] StringPropertyStore[neostore.labeltokenstore.db.names]: used=1 high=0
                                                                [system/00000000] LabelTokenStore[neostore.labeltokenstore.db]: used=0 high=-1
                                                                [system/00000000] SchemaStore[neostore.schemastore.db]: used=1 high=0
                                                                [system/00000000] RelationshipGroupStore[neostore.relationshipgroupstore.db]: used=1 high=0
                                                                [system/00000000] NeoStore[neostore]: used=19 high=18
                                                                [system/00000000] 
                                                                [system/00000000] --------------------------------------------------------------------------------
                                                                [system/00000000]                               [ Neostore records ]                              
                                                                [system/00000000] --------------------------------------------------------------------------------
                                                                [system/00000000] TIME (Creation time): 1622584079524
                                                                [system/00000000] RANDOM_NUMBER (Random number for store id): -466814753756386482
                                                                [system/00000000] LOG_VERSION (Current log version): 0
                                                                [system/00000000] LAST_TRANSACTION_ID (Last committed transaction): 1
                                                                [system/00000000] STORE_VERSION (Store format version): 7002588545122976007
                                                                [system/00000000] FIRST_GRAPH_PROPERTY (First property record containing graph properties): -1
                                                                [system/00000000] LAST_CONSTRAINT_TRANSACTION (Last committed transaction containing constraint changes): 0
                                                                [system/00000000] UPGRADE_TRANSACTION_ID (Transaction id most recent upgrade was performed at): 1
                                                                [system/00000000] UPGRADE_TIME (Time of last upgrade): 1622584079524
                                                                [system/00000000] LAST_TRANSACTION_CHECKSUM (Checksum of last committed transaction): -559063315
                                                                [system/00000000] UPGRADE_TRANSACTION_CHECKSUM (Checksum of transaction id the most recent upgrade was performed at): -559063315
                                                                [system/00000000] LAST_CLOSED_TRANSACTION_LOG_VERSION (Log version where the last transaction commit entry has been written into): 0
                                                                [system/00000000] LAST_CLOSED_TRANSACTION_LOG_BYTE_OFFSET (Byte offset in the log file where the last transaction commit entry has been written into): 64
                                                                [system/00000000] LAST_TRANSACTION_COMMIT_TIMESTAMP (Commit time timestamp for last committed transaction): 0
                                                                [system/00000000] UPGRADE_TRANSACTION_COMMIT_TIMESTAMP (Commit timestamp of transaction the most recent upgrade was performed at): 0
                                                                [system/00000000] LAST_MISSING_STORE_FILES_RECOVERY_TIMESTAMP (Timestamp of last attempt to perform a recovery on the store with missing files.): -1
                                                                [system/00000000] EXTERNAL_STORE_UUID_MOST_SIGN_BITS (Database identifier exposed as external store identity. Generated on creation and never updated. Most significant bits.): 1542097761879737074
                                                                [system/00000000] EXTERNAL_STORE_UUID_LEAST_SIGN_BITS (Database identifier exposed as external store identity. Generated on creation and never updated. Least significant bits): -5524516624127522814
                                                                [system/00000000] CHECKPOINT_LOG_VERSION (Current checkpoint log version): 0
                                                                [system/00000000] 
                                                                [system/00000000] --------------------------------------------------------------------------------
                                                                [system/00000000]                                [ Store versions ]                               
                                                                [system/00000000] --------------------------------------------------------------------------------
                                                                [system/00000000] ArrayPropertyStore[neostore.nodestore.db.labels] AF4.1.a
                                                                [system/00000000] NodeStore[neostore.nodestore.db] AF4.1.a
                                                                [system/00000000] StringPropertyStore[neostore.propertystore.db.index.keys] AF4.1.a
                                                                [system/00000000] PropertyIndexStore[neostore.propertystore.db.index] AF4.1.a
                                                                [system/00000000] StringPropertyStore[neostore.propertystore.db.strings] AF4.1.a
                                                                [system/00000000] ArrayPropertyStore[neostore.propertystore.db.arrays] AF4.1.a
                                                                [system/00000000] PropertyStore[neostore.propertystore.db] AF4.1.a
                                                                [system/00000000] RelationshipStore[neostore.relationshipstore.db] AF4.1.a
                                                                [system/00000000] StringPropertyStore[neostore.relationshiptypestore.db.names] AF4.1.a
                                                                [system/00000000] RelationshipTypeStore[neostore.relationshiptypestore.db] AF4.1.a
                                                                [system/00000000] StringPropertyStore[neostore.labeltokenstore.db.names] AF4.1.a
                                                                [system/00000000] LabelTokenStore[neostore.labeltokenstore.db] AF4.1.a
                                                                [system/00000000] SchemaStore[neostore.schemastore.db] AF4.1.a
                                                                [system/00000000] RelationshipGroupStore[neostore.relationshipgroupstore.db] AF4.1.a
                                                                [system/00000000] NeoStore[neostore] AF4.1.a
                                                                [system/00000000] 
2021-06-01 21:47:59.644+0000 INFO  [o.n.i.i.l.LabelScanStore] [system/00000000] No label index found, this might just be first use. Preparing to rebuild.
2021-06-01 21:47:59.663+0000 INFO  [o.n.k.a.DatabaseAvailabilityGuard] [system/00000000] Requirement `Database unavailable` makes database system unavailable.
2021-06-01 21:47:59.664+0000 INFO  [o.n.k.a.DatabaseAvailabilityGuard] [system/00000000] DatabaseId{00000000[system]} is unavailable.
2021-06-01 21:47:59.699+0000 WARN  [o.n.k.i.s.MetaDataStore] [system/00000000] Missing counts store, rebuilding it.
2021-06-01 21:47:59.702+0000 WARN  [o.n.k.i.s.MetaDataStore] [system/00000000] Counts store rebuild completed.
2021-06-01 21:47:59.715+0000 INFO  [o.n.i.i.l.LabelScanStore] [system/00000000] Rebuilding label index, this may take a while
2021-06-01 21:47:59.725+0000 INFO  [o.n.i.i.l.LabelScanStore] [system/00000000] Label index rebuilt (roughly 0 nodes)
2021-06-01 21:47:59.766+0000 INFO  [o.n.k.a.DatabaseAvailabilityGuard] [system/00000000] Fulfilling of requirement 'Database unavailable' makes database system available.
2021-06-01 21:47:59.769+0000 INFO  [o.n.k.a.DatabaseAvailabilityGuard] [system/00000000] DatabaseId{00000000[system]} is ready.
2021-06-01 21:47:59.776+0000 INFO  [o.n.m.DatabaseHealth] [system/00000000] Database health set to OK
2021-06-01 21:47:59.928+0000 INFO  [o.n.k.i.a.s.ConstraintIndexCreator] [system/00000000] Starting constraint creation: Constraint( name='constraint_6ad50e5f', type='UNIQUENESS', schema=(:Database {name}) ).
2021-06-01 21:48:00.088+0000 INFO  [o.n.k.i.a.i.IndexPopulationJob] [system/00000000] Index population started: [Index( id=1, name='constraint_6ad50e5f', type='UNIQUE BTREE', schema=(:Database {name}), indexProvider='native-btree-1.0' )]
2021-06-01 21:48:00.111+0000 INFO  [o.n.k.i.a.i.IndexPopulationJob] [system/00000000] Completed node store scan. Flushing all pending updates.
MultipleIndexPopulator{activeTasks=0, batchedUpdatesFromScan = [0 updates], concurrentUpdateQueue = 0}
2021-06-01 21:48:00.132+0000 INFO  [o.n.k.i.a.i.IndexPopulationJob] [system/00000000] Index creation finished for index [Index( id=1, name='constraint_6ad50e5f', type='UNIQUE BTREE', schema=(:Database {name}), indexProvider='native-btree-1.0' )].
2021-06-01 21:48:00.138+0000 INFO  [o.n.k.i.a.i.IndexPopulationJob] [system/00000000] TIME/PHASE Final: WRITE[totalTime=5ms], MERGE[totalTime=0ns], BUILD[totalTime=1ms], APPLY_EXTERNAL[totalTime=9ms], FLIP[totalTime=11ms]
2021-06-01 21:48:00.139+0000 INFO  [o.n.k.i.a.s.ConstraintIndexCreator] [system/00000000] Constraint Constraint( name='constraint_6ad50e5f', type='UNIQUENESS', schema=(:Database {name}) ) populated, starting verification.
2021-06-01 21:48:00.139+0000 INFO  [o.n.k.i.a.s.ConstraintIndexCreator] [system/00000000] Constraint Constraint( name='constraint_6ad50e5f', type='UNIQUENESS', schema=(:Database {name}) ) verified.
2021-06-01 21:48:00.153+0000 INFO  [o.n.k.i.a.i.IndexingService] [system/00000000] Constraint org.neo4j.internal.schema.IndexDescriptor@1 is ONLINE.
2021-06-01 21:48:00.258+0000 INFO  [o.n.k.i.a.s.ConstraintIndexCreator] [system/00000000] Starting constraint creation: Constraint( name='constraint_952bbd70', type='UNIQUENESS', schema=(:User {name}) ).
2021-06-01 21:48:00.263+0000 INFO  [o.n.k.i.a.i.IndexPopulationJob] [system/00000000] Index population started: [Index( id=3, name='constraint_952bbd70', type='UNIQUE BTREE', schema=(:User {name}), indexProvider='native-btree-1.0' )]
2021-06-01 21:48:00.313+0000 INFO  [o.n.k.i.a.i.IndexPopulationJob] [system/00000000] Completed node store scan. Flushing all pending updates.
MultipleIndexPopulator{activeTasks=0, batchedUpdatesFromScan = [0 updates], concurrentUpdateQueue = 0}
2021-06-01 21:48:00.317+0000 INFO  [o.n.k.i.a.i.IndexPopulationJob] [system/00000000] Index creation finished for index [Index( id=3, name='constraint_952bbd70', type='UNIQUE BTREE', schema=(:User {name}), indexProvider='native-btree-1.0' )].
2021-06-01 21:48:00.319+0000 INFO  [o.n.k.i.a.i.IndexPopulationJob] [system/00000000] TIME/PHASE Final: WRITE[totalTime=0ns], MERGE[totalTime=0ns], BUILD[totalTime=0ns], APPLY_EXTERNAL[totalTime=2ms], FLIP[totalTime=4ms]
2021-06-01 21:48:00.319+0000 INFO  [o.n.k.i.a.s.ConstraintIndexCreator] [system/00000000] Constraint Constraint( name='constraint_952bbd70', type='UNIQUENESS', schema=(:User {name}) ) populated, starting verification.
2021-06-01 21:48:00.319+0000 INFO  [o.n.k.i.a.s.ConstraintIndexCreator] [system/00000000] Constraint Constraint( name='constraint_952bbd70', type='UNIQUENESS', schema=(:User {name}) ) verified.
2021-06-01 21:48:00.322+0000 INFO  [o.n.k.i.a.i.IndexingService] [system/00000000] Constraint org.neo4j.internal.schema.IndexDescriptor@3 is ONLINE.
2021-06-01 21:48:00.325+0000 INFO  [o.n.s.s.s.UserSecurityGraphComponent] Initializing system graph model for component 'security-users' with version -1 and status UNINITIALIZED
2021-06-01 21:48:00.330+0000 INFO  [o.n.s.s.s.UserSecurityGraphComponent] Setting up initial user from defaults: neo4j
2021-06-01 21:48:00.330+0000 INFO  [o.n.s.s.s.UserSecurityGraphComponent] Creating new user 'neo4j' (passwordChangeRequired=true, suspended=false)
2021-06-01 21:48:00.337+0000 INFO  [o.n.s.s.s.UserSecurityGraphComponent] Setting version for 'security-users' to 2
2021-06-01 21:48:00.339+0000 INFO  [o.n.s.s.s.UserSecurityGraphComponent] After initialization of system graph model component 'security-users' have version 2 and status CURRENT
2021-06-01 21:48:00.343+0000 INFO  [o.n.s.s.s.UserSecurityGraphComponent] Performing postInitialization step for component 'security-users' with version 2 and status CURRENT
2021-06-01 21:48:00.348+0000 INFO  [o.n.d.d.DefaultDatabaseManager] Creating 'DatabaseId{b439fd1e[neo4j]}'.
2021-06-01 21:48:00.348+0000 INFO  [o.n.d.d.DefaultDatabaseManager] Starting 'DatabaseId{b439fd1e[neo4j]}'.
2021-06-01 21:48:00.350+0000 INFO  [o.n.k.i.s.f.RecordFormatSelector] [neo4j/b439fd1e] Selected format 'RecordFormat:PageAlignedV4_1[AF4.1.a]' for the new store /var/lib/neo4j/data/databases/neo4j
2021-06-01 21:48:00.512+0000 INFO  [o.n.i.d.DiagnosticsManager] [neo4j/b439fd1e] 
                                                                [neo4j/b439fd1e] ********************************************************************************
                                                                [neo4j/b439fd1e]                               [ Database: neo4j ]                               
                                                                [neo4j/b439fd1e] ********************************************************************************
                                                                [neo4j/b439fd1e] --------------------------------------------------------------------------------
                                                                [neo4j/b439fd1e]                                   [ Version ]                                   
                                                                [neo4j/b439fd1e] --------------------------------------------------------------------------------
                                                                [neo4j/b439fd1e] DBMS: community single StoreId{creationTime=1622584080497, randomId=-2384900867758013260, storeVersion=7002588545122976007, upgradeTime=1622584080497, upgradeTxId=1}
                                                                [neo4j/b439fd1e] Kernel version: 4.2.7
                                                                [neo4j/b439fd1e] 
                                                                [neo4j/b439fd1e] --------------------------------------------------------------------------------
                                                                [neo4j/b439fd1e]                                 [ Store files ]                                 
                                                                [neo4j/b439fd1e] --------------------------------------------------------------------------------
                                                                [neo4j/b439fd1e] Disk space on partition (Total / Free / Free %): 294597697536 / 267373400064 / 90
                                                                [neo4j/b439fd1e] Storage files stored on file store: ext4
                                                                [neo4j/b439fd1e] Storage files: (filename : modification date - size)
                                                                [neo4j/b439fd1e]   neostore: 2021-06-01T21:48:00Z - 8.000KiB
                                                                [neo4j/b439fd1e]   neostore.counts.db: 2021-06-01T21:48:00Z - 40.00KiB
                                                                [neo4j/b439fd1e]   neostore.id: 2021-06-01T21:48:00Z - 40.00KiB
                                                                [neo4j/b439fd1e]   neostore.labeltokenstore.db: 2021-06-01T21:48:00Z - 0B
                                                                [neo4j/b439fd1e]   neostore.labeltokenstore.db.id: 2021-06-01T21:48:00Z - 40.00KiB
                                                                [neo4j/b439fd1e]   neostore.labeltokenstore.db.names: 2021-06-01T21:48:00Z - 8.000KiB
                                                                [neo4j/b439fd1e]   neostore.labeltokenstore.db.names.id: 2021-06-01T21:48:00Z - 40.00KiB
                                                                [neo4j/b439fd1e]   neostore.nodestore.db: 2021-06-01T21:48:00Z - 0B
                                                                [neo4j/b439fd1e]   neostore.nodestore.db.id: 2021-06-01T21:48:00Z - 40.00KiB
                                                                [neo4j/b439fd1e]   neostore.nodestore.db.labels: 2021-06-01T21:48:00Z - 8.000KiB
                                                                [neo4j/b439fd1e]   neostore.nodestore.db.labels.id: 2021-06-01T21:48:00Z - 40.00KiB
                                                                [neo4j/b439fd1e]   neostore.propertystore.db: 2021-06-01T21:48:00Z - 0B
                                                                [neo4j/b439fd1e]   neostore.propertystore.db.arrays: 2021-06-01T21:48:00Z - 8.000KiB
                                                                [neo4j/b439fd1e]   neostore.propertystore.db.arrays.id: 2021-06-01T21:48:00Z - 40.00KiB
                                                                [neo4j/b439fd1e]   neostore.propertystore.db.id: 2021-06-01T21:48:00Z - 40.00KiB
                                                                [neo4j/b439fd1e]   neostore.propertystore.db.index: 2021-06-01T21:48:00Z - 0B
                                                                [neo4j/b439fd1e]   neostore.propertystore.db.index.id: 2021-06-01T21:48:00Z - 40.00KiB
                                                                [neo4j/b439fd1e]   neostore.propertystore.db.index.keys: 2021-06-01T21:48:00Z - 8.000KiB
                                                                [neo4j/b439fd1e]   neostore.propertystore.db.index.keys.id: 2021-06-01T21:48:00Z - 40.00KiB
                                                                [neo4j/b439fd1e]   neostore.propertystore.db.strings: 2021-06-01T21:48:00Z - 8.000KiB
                                                                [neo4j/b439fd1e]   neostore.propertystore.db.strings.id: 2021-06-01T21:48:00Z - 40.00KiB
                                                                [neo4j/b439fd1e]   neostore.relationshipgroupstore.db: 2021-06-01T21:48:00Z - 8.000KiB
                                                                [neo4j/b439fd1e]   neostore.relationshipgroupstore.db.id: 2021-06-01T21:48:00Z - 40.00KiB
                                                                [neo4j/b439fd1e]   neostore.relationshipstore.db: 2021-06-01T21:48:00Z - 0B
                                                                [neo4j/b439fd1e]   neostore.relationshipstore.db.id: 2021-06-01T21:48:00Z - 40.00KiB
                                                                [neo4j/b439fd1e]   neostore.relationshiptypestore.db: 2021-06-01T21:48:00Z - 0B
                                                                [neo4j/b439fd1e]   neostore.relationshiptypestore.db.id: 2021-06-01T21:48:00Z - 40.00KiB
                                                                [neo4j/b439fd1e]   neostore.relationshiptypestore.db.names: 2021-06-01T21:48:00Z - 8.000KiB
                                                                [neo4j/b439fd1e]   neostore.relationshiptypestore.db.names.id: 2021-06-01T21:48:00Z - 40.00KiB
                                                                [neo4j/b439fd1e]   neostore.schemastore.db: 2021-06-01T21:48:00Z - 8.000KiB
                                                                [neo4j/b439fd1e]   neostore.schemastore.db.id: 2021-06-01T21:48:00Z - 40.00KiB
                                                                [neo4j/b439fd1e] Storage summary: 
                                                                [neo4j/b439fd1e]   Total size of store: 712.0KiB
                                                                [neo4j/b439fd1e]   Total size of mapped files: 72.00KiB
                                                                [neo4j/b439fd1e] 
                                                                [neo4j/b439fd1e] --------------------------------------------------------------------------------
                                                                [neo4j/b439fd1e]                               [ Transaction log ]                               
                                                                [neo4j/b439fd1e] --------------------------------------------------------------------------------
                                                                [neo4j/b439fd1e] Transaction log files stored on file store: ext4
                                                                [neo4j/b439fd1e] No transactions found in any log
                                                                [neo4j/b439fd1e] 
                                                                [neo4j/b439fd1e] --------------------------------------------------------------------------------
                                                                [neo4j/b439fd1e]                                   [ Id usage ]                                  
                                                                [neo4j/b439fd1e] --------------------------------------------------------------------------------
                                                                [neo4j/b439fd1e] ArrayPropertyStore[neostore.nodestore.db.labels]: used=1 high=0
                                                                [neo4j/b439fd1e] NodeStore[neostore.nodestore.db]: used=0 high=-1
                                                                [neo4j/b439fd1e] StringPropertyStore[neostore.propertystore.db.index.keys]: used=1 high=0
                                                                [neo4j/b439fd1e] PropertyIndexStore[neostore.propertystore.db.index]: used=0 high=-1
                                                                [neo4j/b439fd1e] StringPropertyStore[neostore.propertystore.db.strings]: used=1 high=0
                                                                [neo4j/b439fd1e] ArrayPropertyStore[neostore.propertystore.db.arrays]: used=1 high=0
                                                                [neo4j/b439fd1e] PropertyStore[neostore.propertystore.db]: used=0 high=-1
                                                                [neo4j/b439fd1e] RelationshipStore[neostore.relationshipstore.db]: used=0 high=-1
                                                                [neo4j/b439fd1e] StringPropertyStore[neostore.relationshiptypestore.db.names]: used=1 high=0
                                                                [neo4j/b439fd1e] RelationshipTypeStore[neostore.relationshiptypestore.db]: used=0 high=-1
                                                                [neo4j/b439fd1e] StringPropertyStore[neostore.labeltokenstore.db.names]: used=1 high=0
                                                                [neo4j/b439fd1e] LabelTokenStore[neostore.labeltokenstore.db]: used=0 high=-1
                                                                [neo4j/b439fd1e] SchemaStore[neostore.schemastore.db]: used=1 high=0
                                                                [neo4j/b439fd1e] RelationshipGroupStore[neostore.relationshipgroupstore.db]: used=1 high=0
                                                                [neo4j/b439fd1e] NeoStore[neostore]: used=19 high=18
                                                                [neo4j/b439fd1e] 
                                                                [neo4j/b439fd1e] --------------------------------------------------------------------------------
                                                                [neo4j/b439fd1e]                               [ Neostore records ]                              
                                                                [neo4j/b439fd1e] --------------------------------------------------------------------------------
                                                                [neo4j/b439fd1e] TIME (Creation time): 1622584080497
                                                                [neo4j/b439fd1e] RANDOM_NUMBER (Random number for store id): -2384900867758013260
                                                                [neo4j/b439fd1e] LOG_VERSION (Current log version): 0
                                                                [neo4j/b439fd1e] LAST_TRANSACTION_ID (Last committed transaction): 1
                                                                [neo4j/b439fd1e] STORE_VERSION (Store format version): 7002588545122976007
                                                                [neo4j/b439fd1e] FIRST_GRAPH_PROPERTY (First property record containing graph properties): -1
                                                                [neo4j/b439fd1e] LAST_CONSTRAINT_TRANSACTION (Last committed transaction containing constraint changes): 0
                                                                [neo4j/b439fd1e] UPGRADE_TRANSACTION_ID (Transaction id most recent upgrade was performed at): 1
                                                                [neo4j/b439fd1e] UPGRADE_TIME (Time of last upgrade): 1622584080497
                                                                [neo4j/b439fd1e] LAST_TRANSACTION_CHECKSUM (Checksum of last committed transaction): -559063315
                                                                [neo4j/b439fd1e] UPGRADE_TRANSACTION_CHECKSUM (Checksum of transaction id the most recent upgrade was performed at): -559063315
                                                                [neo4j/b439fd1e] LAST_CLOSED_TRANSACTION_LOG_VERSION (Log version where the last transaction commit entry has been written into): 0
                                                                [neo4j/b439fd1e] LAST_CLOSED_TRANSACTION_LOG_BYTE_OFFSET (Byte offset in the log file where the last transaction commit entry has been written into): 64
                                                                [neo4j/b439fd1e] LAST_TRANSACTION_COMMIT_TIMESTAMP (Commit time timestamp for last committed transaction): 0
                                                                [neo4j/b439fd1e] UPGRADE_TRANSACTION_COMMIT_TIMESTAMP (Commit timestamp of transaction the most recent upgrade was performed at): 0
                                                                [neo4j/b439fd1e] LAST_MISSING_STORE_FILES_RECOVERY_TIMESTAMP (Timestamp of last attempt to perform a recovery on the store with missing files.): -1
                                                                [neo4j/b439fd1e] EXTERNAL_STORE_UUID_MOST_SIGN_BITS (Database identifier exposed as external store identity. Generated on creation and never updated. Most significant bits.): 3581849682143693430
                                                                [neo4j/b439fd1e] EXTERNAL_STORE_UUID_LEAST_SIGN_BITS (Database identifier exposed as external store identity. Generated on creation and never updated. Least significant bits): -6437157439433375775
                                                                [neo4j/b439fd1e] CHECKPOINT_LOG_VERSION (Current checkpoint log version): 0
                                                                [neo4j/b439fd1e] 
                                                                [neo4j/b439fd1e] --------------------------------------------------------------------------------
                                                                [neo4j/b439fd1e]                                [ Store versions ]                               
                                                                [neo4j/b439fd1e] --------------------------------------------------------------------------------
                                                                [neo4j/b439fd1e] ArrayPropertyStore[neostore.nodestore.db.labels] AF4.1.a
                                                                [neo4j/b439fd1e] NodeStore[neostore.nodestore.db] AF4.1.a
                                                                [neo4j/b439fd1e] StringPropertyStore[neostore.propertystore.db.index.keys] AF4.1.a
                                                                [neo4j/b439fd1e] PropertyIndexStore[neostore.propertystore.db.index] AF4.1.a
                                                                [neo4j/b439fd1e] StringPropertyStore[neostore.propertystore.db.strings] AF4.1.a
                                                                [neo4j/b439fd1e] ArrayPropertyStore[neostore.propertystore.db.arrays] AF4.1.a
                                                                [neo4j/b439fd1e] PropertyStore[neostore.propertystore.db] AF4.1.a
                                                                [neo4j/b439fd1e] RelationshipStore[neostore.relationshipstore.db] AF4.1.a
                                                                [neo4j/b439fd1e] StringPropertyStore[neostore.relationshiptypestore.db.names] AF4.1.a
                                                                [neo4j/b439fd1e] RelationshipTypeStore[neostore.relationshiptypestore.db] AF4.1.a
                                                                [neo4j/b439fd1e] StringPropertyStore[neostore.labeltokenstore.db.names] AF4.1.a
                                                                [neo4j/b439fd1e] LabelTokenStore[neostore.labeltokenstore.db] AF4.1.a
                                                                [neo4j/b439fd1e] SchemaStore[neostore.schemastore.db] AF4.1.a
                                                                [neo4j/b439fd1e] RelationshipGroupStore[neostore.relationshipgroupstore.db] AF4.1.a
                                                                [neo4j/b439fd1e] NeoStore[neostore] AF4.1.a
                                                                [neo4j/b439fd1e] 
2021-06-01 21:48:00.513+0000 INFO  [o.n.i.i.l.LabelScanStore] [neo4j/b439fd1e] No label index found, this might just be first use. Preparing to rebuild.
2021-06-01 21:48:00.523+0000 INFO  [o.n.k.a.DatabaseAvailabilityGuard] [neo4j/b439fd1e] Requirement `Database unavailable` makes database neo4j unavailable.
2021-06-01 21:48:00.524+0000 INFO  [o.n.k.a.DatabaseAvailabilityGuard] [neo4j/b439fd1e] DatabaseId{b439fd1e[neo4j]} is unavailable.
2021-06-01 21:48:00.549+0000 WARN  [o.n.k.i.s.MetaDataStore] [neo4j/b439fd1e] Missing counts store, rebuilding it.
2021-06-01 21:48:00.549+0000 WARN  [o.n.k.i.s.MetaDataStore] [neo4j/b439fd1e] Counts store rebuild completed.
2021-06-01 21:48:00.551+0000 INFO  [o.n.i.i.l.LabelScanStore] [neo4j/b439fd1e] Rebuilding label index, this may take a while
2021-06-01 21:48:00.552+0000 INFO  [o.n.i.i.l.LabelScanStore] [neo4j/b439fd1e] Label index rebuilt (roughly 0 nodes)
2021-06-01 21:48:00.553+0000 INFO  [o.n.k.a.DatabaseAvailabilityGuard] [neo4j/b439fd1e] Fulfilling of requirement 'Database unavailable' makes database neo4j available.
2021-06-01 21:48:00.553+0000 INFO  [o.n.k.a.DatabaseAvailabilityGuard] [neo4j/b439fd1e] DatabaseId{b439fd1e[neo4j]} is ready.
2021-06-01 21:48:00.553+0000 INFO  [o.n.m.DatabaseHealth] [neo4j/b439fd1e] Database health set to OK
2021-06-01 21:48:00.585+0000 INFO  [o.n.b.BoltServer] Bolt enabled on 0.0.0.0:7687.
2021-06-01 21:48:00.585+0000 INFO  [o.n.s.AbstractNeoWebServer$ServerComponentsLifecycleAdapter] Starting web server
2021-06-01 21:48:01.295+0000 INFO  [o.n.s.CommunityNeoWebServer] Remote interface available at http://localhost:7474/
2021-06-01 21:48:01.295+0000 INFO  [o.n.s.AbstractNeoWebServer$ServerComponentsLifecycleAdapter] Web server started.
2021-06-01 22:05:09.783+0000 INFO  [o.n.k.i.t.l.c.CheckPointerImpl] [system/00000000] Checkpoint triggered by "Scheduled checkpoint for every 15 minutes threshold" @ txId: 25 checkpoint started...
2021-06-01 22:05:09.843+0000 INFO  [o.n.k.i.t.l.c.CheckPointerImpl] [system/00000000] Checkpoint triggered by "Scheduled checkpoint for every 15 minutes threshold" @ txId: 25 checkpoint completed in 57ms
2021-06-01 22:05:09.845+0000 INFO  [o.n.k.i.t.l.p.LogPruningImpl] [system/00000000] No log version pruned. The strategy used was '104857600 size'. 
2021-06-01 22:20:09.859+0000 INFO  [o.n.k.i.t.l.c.CheckPointerImpl] [system/00000000] Checkpoint triggered by "Scheduled checkpoint for every 15 minutes threshold" @ txId: 26 checkpoint started...
2021-06-01 22:20:09.896+0000 INFO  [o.n.k.i.t.l.c.CheckPointerImpl] [system/00000000] Checkpoint triggered by "Scheduled checkpoint for every 15 minutes threshold" @ txId: 26 checkpoint completed in 36ms
2021-06-01 22:20:09.896+0000 INFO  [o.n.k.i.t.l.p.LogPruningImpl] [system/00000000] No log version pruned. The strategy used was '104857600 size'. 
